Initializing document 0...
[INDEX] Generated index 0: 1885 (byte:235 bit:5)
Byte 235 (0x04) bit pattern: 00000100
[INDEX] Generated index 1: 524 (byte:65 bit:4)
Byte 65 (0x08) bit pattern: 00001000
[INDEX] Generated index 2: 1448 (byte:181 bit:0)
Byte 181 (0x80) bit pattern: 10000000
[INDEX] Generated index 3: 158 (byte:19 bit:6)
Byte 19 (0x02) bit pattern: 00000010
[INDEX] Generated index 4: 522 (byte:65 bit:2)
Byte 65 (0x28) bit pattern: 00101000
[INDEX] Generated index 5: 1512 (byte:189 bit:0)
Byte 189 (0x80) bit pattern: 10000000
[INDEX] Generated index 6: 594 (byte:74 bit:2)
Byte 74 (0x20) bit pattern: 00100000
[INDEX] Generated index 0: 874 (byte:109 bit:2)
Byte 109 (0x20) bit pattern: 00100000
[INDEX] Generated index 1: 541 (byte:67 bit:5)
Byte 67 (0x04) bit pattern: 00000100
[INDEX] Generated index 2: 660 (byte:82 bit:4)
Byte 82 (0x08) bit pattern: 00001000
[INDEX] Generated index 3: 881 (byte:110 bit:1)
Byte 110 (0x40) bit pattern: 01000000
[INDEX] Generated index 4: 1952 (byte:244 bit:0)
Byte 244 (0x80) bit pattern: 10000000
[INDEX] Generated index 5: 889 (byte:111 bit:1)
Byte 111 (0x40) bit pattern: 01000000
[INDEX] Generated index 6: 498 (byte:62 bit:2)
Byte 62 (0x20) bit pattern: 00100000
[INDEX] Generated index 0: 594 (byte:74 bit:2)
Byte 74 (0x20) bit pattern: 00100000
[INDEX] Generated index 1: 723 (byte:90 bit:3)
Byte 90 (0x10) bit pattern: 00010000
[INDEX] Generated index 2: 1749 (byte:218 bit:5)
Byte 218 (0x04) bit pattern: 00000100
[INDEX] Generated index 3: 557 (byte:69 bit:5)
Byte 69 (0x04) bit pattern: 00000100
[INDEX] Generated index 4: 724 (byte:90 bit:4)
Byte 90 (0x18) bit pattern: 00011000
[INDEX] Generated index 5: 1206 (byte:150 bit:6)
Byte 150 (0x02) bit pattern: 00000010
[INDEX] Generated index 6: 1804 (byte:225 bit:4)
Byte 225 (0x08) bit pattern: 00001000
[INDEX] Generated index 0: 820 (byte:102 bit:4)
Byte 102 (0x08) bit pattern: 00001000
[INDEX] Generated index 1: 1977 (byte:247 bit:1)
Byte 247 (0x40) bit pattern: 01000000
[INDEX] Generated index 2: 1656 (byte:207 bit:0)
Byte 207 (0x80) bit pattern: 10000000
[INDEX] Generated index 3: 261 (byte:32 bit:5)
Byte 32 (0x04) bit pattern: 00000100
[INDEX] Generated index 4: 22 (byte:2 bit:6)
Byte 2 (0x02) bit pattern: 00000010
[INDEX] Generated index 5: 1141 (byte:142 bit:5)
Byte 142 (0x04) bit pattern: 00000100
[INDEX] Generated index 6: 2014 (byte:251 bit:6)
Byte 251 (0x02) bit pattern: 00000010
[INDEX] Generated index 0: 1859 (byte:232 bit:3)
Byte 232 (0x10) bit pattern: 00010000
[INDEX] Generated index 1: 355 (byte:44 bit:3)
Byte 44 (0x10) bit pattern: 00010000
[INDEX] Generated index 2: 1943 (byte:242 bit:7)
Byte 242 (0x01) bit pattern: 00000001
[INDEX] Generated index 3: 1227 (byte:153 bit:3)
Byte 153 (0x10) bit pattern: 00010000
[INDEX] Generated index 4: 1530 (byte:191 bit:2)
Byte 191 (0x20) bit pattern: 00100000
[INDEX] Generated index 5: 562 (byte:70 bit:2)
Byte 70 (0x20) bit pattern: 00100000
[INDEX] Generated index 6: 1738 (byte:217 bit:2)
Byte 217 (0x20) bit pattern: 00100000
[INDEX] Generated index 0: 613 (byte:76 bit:5)
Byte 76 (0x04) bit pattern: 00000100
[INDEX] Generated index 1: 627 (byte:78 bit:3)
Byte 78 (0x10) bit pattern: 00010000
[INDEX] Generated index 2: 743 (byte:92 bit:7)
Byte 92 (0x01) bit pattern: 00000001
[INDEX] Generated index 3: 1508 (byte:188 bit:4)
Byte 188 (0x08) bit pattern: 00001000
[INDEX] Generated index 4: 1297 (byte:162 bit:1)
Byte 162 (0x40) bit pattern: 01000000
[INDEX] Generated index 5: 0 (byte:0 bit:0)
Byte 0 (0x80) bit pattern: 10000000
[INDEX] Generated index 6: 1053 (byte:131 bit:5)
Byte 131 (0x04) bit pattern: 00000100
[INDEX] Generated index 0: 634 (byte:79 bit:2)
Byte 79 (0x20) bit pattern: 00100000
[INDEX] Generated index 1: 1320 (byte:165 bit:0)
Byte 165 (0x80) bit pattern: 10000000
[INDEX] Generated index 2: 1007 (byte:125 bit:7)
Byte 125 (0x01) bit pattern: 00000001
[INDEX] Generated index 3: 530 (byte:66 bit:2)
Byte 66 (0x20) bit pattern: 00100000
[INDEX] Generated index 4: 615 (byte:76 bit:7)
Byte 76 (0x05) bit pattern: 00000101
[INDEX] Generated index 5: 103 (byte:12 bit:7)
Byte 12 (0x01) bit pattern: 00000001
[INDEX] Generated index 6: 1905 (byte:238 bit:1)
Byte 238 (0x40) bit pattern: 01000000
[INDEX] Generated index 0: 1038 (byte:129 bit:6)
Byte 129 (0x02) bit pattern: 00000010
[INDEX] Generated index 1: 213 (byte:26 bit:5)
Byte 26 (0x04) bit pattern: 00000100
[INDEX] Generated index 2: 1096 (byte:137 bit:0)
Byte 137 (0x80) bit pattern: 10000000
[INDEX] Generated index 3: 74 (byte:9 bit:2)
Byte 9 (0x20) bit pattern: 00100000
[INDEX] Generated index 4: 193 (byte:24 bit:1)
Byte 24 (0x40) bit pattern: 01000000
[INDEX] Generated index 5: 104 (byte:13 bit:0)
Byte 13 (0x80) bit pattern: 10000000
[INDEX] Generated index 6: 1303 (byte:162 bit:7)
Byte 162 (0x41) bit pattern: 01000001
[INDEX] Generated index 0: 1153 (byte:144 bit:1)
Byte 144 (0x40) bit pattern: 01000000
[INDEX] Generated index 1: 846 (byte:105 bit:6)
Byte 105 (0x02) bit pattern: 00000010
[INDEX] Generated index 2: 783 (byte:97 bit:7)
Byte 97 (0x01) bit pattern: 00000001
[INDEX] Generated index 3: 2041 (byte:255 bit:1)
Byte 255 (0x40) bit pattern: 01000000
[INDEX] Generated index 4: 1870 (byte:233 bit:6)
Byte 233 (0x02) bit pattern: 00000010
[INDEX] Generated index 5: 1457 (byte:182 bit:1)
Byte 182 (0x40) bit pattern: 01000000
[INDEX] Generated index 6: 162 (byte:20 bit:2)
Byte 20 (0x20) bit pattern: 00100000
[INDEX] Generated index 0: 927 (byte:115 bit:7)
Byte 115 (0x01) bit pattern: 00000001
[INDEX] Generated index 1: 182 (byte:22 bit:6)
Byte 22 (0x02) bit pattern: 00000010
[INDEX] Generated index 2: 654 (byte:81 bit:6)
Byte 81 (0x02) bit pattern: 00000010
[INDEX] Generated index 3: 1855 (byte:231 bit:7)
Byte 231 (0x01) bit pattern: 00000001
[INDEX] Generated index 4: 676 (byte:84 bit:4)
Byte 84 (0x08) bit pattern: 00001000
[INDEX] Generated index 5: 642 (byte:80 bit:2)
Byte 80 (0x20) bit pattern: 00100000
[INDEX] Generated index 6: 595 (byte:74 bit:3)
Byte 74 (0x30) bit pattern: 00110000
[INDEX] Generated index 0: 1415 (byte:176 bit:7)
Byte 176 (0x01) bit pattern: 00000001
[INDEX] Generated index 1: 457 (byte:57 bit:1)
Byte 57 (0x40) bit pattern: 01000000
[INDEX] Generated index 2: 343 (byte:42 bit:7)
Byte 42 (0x01) bit pattern: 00000001
[INDEX] Generated index 3: 429 (byte:53 bit:5)
Byte 53 (0x04) bit pattern: 00000100
[INDEX] Generated index 4: 894 (byte:111 bit:6)
Byte 111 (0x42) bit pattern: 01000010
[INDEX] Generated index 5: 1219 (byte:152 bit:3)
Byte 152 (0x10) bit pattern: 00010000
[INDEX] Generated index 6: 556 (byte:69 bit:4)
Byte 69 (0x0c) bit pattern: 00001100
[INDEX] Generated index 0: 509 (byte:63 bit:5)
Byte 63 (0x04) bit pattern: 00000100
[INDEX] Generated index 1: 428 (byte:53 bit:4)
Byte 53 (0x0c) bit pattern: 00001100
[INDEX] Generated index 2: 1786 (byte:223 bit:2)
Byte 223 (0x20) bit pattern: 00100000
[INDEX] Generated index 3: 1919 (byte:239 bit:7)
Byte 239 (0x01) bit pattern: 00000001
[INDEX] Generated index 4: 652 (byte:81 bit:4)
Byte 81 (0x0a) bit pattern: 00001010
[INDEX] Generated index 5: 1854 (byte:231 bit:6)
Byte 231 (0x03) bit pattern: 00000011
[INDEX] Generated index 6: 578 (byte:72 bit:2)
Byte 72 (0x20) bit pattern: 00100000
[INDEX] Generated index 0: 841 (byte:105 bit:1)
Byte 105 (0x42) bit pattern: 01000010
[INDEX] Generated index 1: 1561 (byte:195 bit:1)
Byte 195 (0x40) bit pattern: 01000000
[INDEX] Generated index 2: 573 (byte:71 bit:5)
Byte 71 (0x04) bit pattern: 00000100
[INDEX] Generated index 3: 1899 (byte:237 bit:3)
Byte 237 (0x10) bit pattern: 00010000
[INDEX] Generated index 4: 1120 (byte:140 bit:0)
Byte 140 (0x80) bit pattern: 10000000
[INDEX] Generated index 5: 396 (byte:49 bit:4)
Byte 49 (0x08) bit pattern: 00001000
[INDEX] Generated index 6: 1568 (byte:196 bit:0)
Byte 196 (0x80) bit pattern: 10000000
[INDEX] Generated index 0: 1827 (byte:228 bit:3)
Byte 228 (0x10) bit pattern: 00010000
[INDEX] Generated index 1: 929 (byte:116 bit:1)
Byte 116 (0x40) bit pattern: 01000000
[INDEX] Generated index 2: 1966 (byte:245 bit:6)
Byte 245 (0x02) bit pattern: 00000010
[INDEX] Generated index 3: 1520 (byte:190 bit:0)
Byte 190 (0x80) bit pattern: 10000000
[INDEX] Generated index 4: 130 (byte:16 bit:2)
Byte 16 (0x20) bit pattern: 00100000
[INDEX] Generated index 5: 1474 (byte:184 bit:2)
Byte 184 (0x20) bit pattern: 00100000
[INDEX] Generated index 6: 470 (byte:58 bit:6)
Byte 58 (0x02) bit pattern: 00000010
[INDEX] Generated index 0: 763 (byte:95 bit:3)
Byte 95 (0x10) bit pattern: 00010000
[INDEX] Generated index 1: 1876 (byte:234 bit:4)
Byte 234 (0x08) bit pattern: 00001000
[INDEX] Generated index 2: 900 (byte:112 bit:4)
Byte 112 (0x08) bit pattern: 00001000
[INDEX] Generated index 3: 440 (byte:55 bit:0)
Byte 55 (0x80) bit pattern: 10000000
[INDEX] Generated index 4: 1066 (byte:133 bit:2)
Byte 133 (0x20) bit pattern: 00100000
[INDEX] Generated index 5: 985 (byte:123 bit:1)
Byte 123 (0x40) bit pattern: 01000000
[INDEX] Generated index 6: 1544 (byte:193 bit:0)
Byte 193 (0x80) bit pattern: 10000000
[INDEX] Generated index 0: 1663 (byte:207 bit:7)
Byte 207 (0x81) bit pattern: 10000001
[INDEX] Generated index 1: 303 (byte:37 bit:7)
Byte 37 (0x01) bit pattern: 00000001
[INDEX] Generated index 2: 844 (byte:105 bit:4)
Byte 105 (0x4a) bit pattern: 01001010
[INDEX] Generated index 3: 1982 (byte:247 bit:6)
Byte 247 (0x42) bit pattern: 01000010
[INDEX] Generated index 4: 1594 (byte:199 bit:2)
Byte 199 (0x20) bit pattern: 00100000
[INDEX] Generated index 5: 672 (byte:84 bit:0)
Byte 84 (0x88) bit pattern: 10001000
[INDEX] Generated index 6: 961 (byte:120 bit:1)
Byte 120 (0x40) bit pattern: 01000000
[INDEX] Generated index 0: 1852 (byte:231 bit:4)
Byte 231 (0x0b) bit pattern: 00001011
[INDEX] Generated index 1: 1340 (byte:167 bit:4)
Byte 167 (0x08) bit pattern: 00001000
[INDEX] Generated index 2: 1051 (byte:131 bit:3)
Byte 131 (0x14) bit pattern: 00010100
[INDEX] Generated index 3: 490 (byte:61 bit:2)
Byte 61 (0x20) bit pattern: 00100000
[INDEX] Generated index 4: 1327 (byte:165 bit:7)
Byte 165 (0x81) bit pattern: 10000001
[INDEX] Generated index 5: 1092 (byte:136 bit:4)
Byte 136 (0x08) bit pattern: 00001000
[INDEX] Generated index 6: 392 (byte:49 bit:0)
Byte 49 (0x88) bit pattern: 10001000
[INDEX] Generated index 0: 142 (byte:17 bit:6)
Byte 17 (0x02) bit pattern: 00000010
[INDEX] Generated index 1: 1950 (byte:243 bit:6)
Byte 243 (0x02) bit pattern: 00000010
[INDEX] Generated index 2: 1655 (byte:206 bit:7)
Byte 206 (0x01) bit pattern: 00000001
[INDEX] Generated index 3: 684 (byte:85 bit:4)
Byte 85 (0x08) bit pattern: 00001000
[INDEX] Generated index 4: 908 (byte:113 bit:4)
Byte 113 (0x08) bit pattern: 00001000
[INDEX] Generated index 5: 314 (byte:39 bit:2)
Byte 39 (0x20) bit pattern: 00100000
[INDEX] Generated index 6: 551 (byte:68 bit:7)
Byte 68 (0x01) bit pattern: 00000001
[INDEX] Generated index 0: 1936 (byte:242 bit:0)
Byte 242 (0x81) bit pattern: 10000001
[INDEX] Generated index 1: 1720 (byte:215 bit:0)
Byte 215 (0x80) bit pattern: 10000000
[INDEX] Generated index 2: 864 (byte:108 bit:0)
Byte 108 (0x80) bit pattern: 10000000
[INDEX] Generated index 3: 1062 (byte:132 bit:6)
Byte 132 (0x02) bit pattern: 00000010
[INDEX] Generated index 4: 1278 (byte:159 bit:6)
Byte 159 (0x02) bit pattern: 00000010
[INDEX] Generated index 5: 2005 (byte:250 bit:5)
Byte 250 (0x04) bit pattern: 00000100
[INDEX] Generated index 6: 458 (byte:57 bit:2)
Byte 57 (0x60) bit pattern: 01100000
[INDEX] Generated index 0: 847 (byte:105 bit:7)
Byte 105 (0x4b) bit pattern: 01001011
[INDEX] Generated index 1: 3 (byte:0 bit:3)
Byte 0 (0x90) bit pattern: 10010000
[INDEX] Generated index 2: 1433 (byte:179 bit:1)
Byte 179 (0x40) bit pattern: 01000000
[INDEX] Generated index 3: 686 (byte:85 bit:6)
Byte 85 (0x0a) bit pattern: 00001010
[INDEX] Generated index 4: 1046 (byte:130 bit:6)
Byte 130 (0x02) bit pattern: 00000010
[INDEX] Generated index 5: 1030 (byte:128 bit:6)
Byte 128 (0x02) bit pattern: 00000010
[INDEX] Generated index 6: 703 (byte:87 bit:7)
Byte 87 (0x01) bit pattern: 00000001
[INDEX] Generated index 0: 1811 (byte:226 bit:3)
Byte 226 (0x10) bit pattern: 00010000
[INDEX] Generated index 1: 1397 (byte:174 bit:5)
Byte 174 (0x04) bit pattern: 00000100
[INDEX] Generated index 2: 409 (byte:51 bit:1)
Byte 51 (0x40) bit pattern: 01000000
[INDEX] Generated index 3: 108 (byte:13 bit:4)
Byte 13 (0x88) bit pattern: 10001000
[INDEX] Generated index 4: 1208 (byte:151 bit:0)
Byte 151 (0x80) bit pattern: 10000000
[INDEX] Generated index 5: 1329 (byte:166 bit:1)
Byte 166 (0x40) bit pattern: 01000000
[INDEX] Generated index 6: 121 (byte:15 bit:1)
Byte 15 (0x40) bit pattern: 01000000
[INDEX] Generated index 0: 892 (byte:111 bit:4)
Byte 111 (0x4a) bit pattern: 01001010
[INDEX] Generated index 1: 1731 (byte:216 bit:3)
Byte 216 (0x10) bit pattern: 00010000
[INDEX] Generated index 2: 1506 (byte:188 bit:2)
Byte 188 (0x28) bit pattern: 00101000
[INDEX] Generated index 3: 1173 (byte:146 bit:5)
Byte 146 (0x04) bit pattern: 00000100
[INDEX] Generated index 4: 1134 (byte:141 bit:6)
Byte 141 (0x02) bit pattern: 00000010
[INDEX] Generated index 5: 198 (byte:24 bit:6)
Byte 24 (0x42) bit pattern: 01000010
[INDEX] Generated index 6: 492 (byte:61 bit:4)
Byte 61 (0x28) bit pattern: 00101000
[INDEX] Generated index 0: 1990 (byte:248 bit:6)
Byte 248 (0x02) bit pattern: 00000010
[INDEX] Generated index 1: 606 (byte:75 bit:6)
Byte 75 (0x02) bit pattern: 00000010
[INDEX] Generated index 2: 1322 (byte:165 bit:2)
Byte 165 (0xa1) bit pattern: 10100001
[INDEX] Generated index 3: 1941 (byte:242 bit:5)
Byte 242 (0x85) bit pattern: 10000101
[INDEX] Generated index 4: 1261 (byte:157 bit:5)
Byte 157 (0x04) bit pattern: 00000100
[INDEX] Generated index 5: 1444 (byte:180 bit:4)
Byte 180 (0x08) bit pattern: 00001000
[INDEX] Generated index 6: 1689 (byte:211 bit:1)
Byte 211 (0x40) bit pattern: 01000000
[INDEX] Generated index 0: 1179 (byte:147 bit:3)
Byte 147 (0x10) bit pattern: 00010000
[INDEX] Generated index 1: 126 (byte:15 bit:6)
Byte 15 (0x42) bit pattern: 01000010
[INDEX] Generated index 2: 1306 (byte:163 bit:2)
Byte 163 (0x20) bit pattern: 00100000
[INDEX] Generated index 3: 1138 (byte:142 bit:2)
Byte 142 (0x24) bit pattern: 00100100
[INDEX] Generated index 4: 424 (byte:53 bit:0)
Byte 53 (0x8c) bit pattern: 10001100
[INDEX] Generated index 5: 303 (byte:37 bit:7)
Byte 37 (0x01) bit pattern: 00000001
[INDEX] Generated index 6: 250 (byte:31 bit:2)
Byte 31 (0x20) bit pattern: 00100000
[INDEX] Generated index 0: 1144 (byte:143 bit:0)
Byte 143 (0x80) bit pattern: 10000000
[INDEX] Generated index 1: 1556 (byte:194 bit:4)
Byte 194 (0x08) bit pattern: 00001000
[INDEX] Generated index 2: 1872 (byte:234 bit:0)
Byte 234 (0x88) bit pattern: 10001000
[INDEX] Generated index 3: 1435 (byte:179 bit:3)
Byte 179 (0x50) bit pattern: 01010000
[INDEX] Generated index 4: 847 (byte:105 bit:7)
Byte 105 (0x4b) bit pattern: 01001011
[INDEX] Generated index 5: 2024 (byte:253 bit:0)
Byte 253 (0x80) bit pattern: 10000000
[INDEX] Generated index 6: 124 (byte:15 bit:4)
Byte 15 (0x4a) bit pattern: 01001010
[INDEX] Generated index 0: 1224 (byte:153 bit:0)
Byte 153 (0x90) bit pattern: 10010000
[INDEX] Generated index 1: 1126 (byte:140 bit:6)
Byte 140 (0x82) bit pattern: 10000010
[INDEX] Generated index 2: 273 (byte:34 bit:1)
Byte 34 (0x40) bit pattern: 01000000
[INDEX] Generated index 3: 469 (byte:58 bit:5)
Byte 58 (0x06) bit pattern: 00000110
[INDEX] Generated index 4: 1001 (byte:125 bit:1)
Byte 125 (0x41) bit pattern: 01000001
[INDEX] Generated index 5: 737 (byte:92 bit:1)
Byte 92 (0x41) bit pattern: 01000001
[INDEX] Generated index 6: 1922 (byte:240 bit:2)
Byte 240 (0x20) bit pattern: 00100000
[INDEX] Generated index 0: 722 (byte:90 bit:2)
Byte 90 (0x38) bit pattern: 00111000
[INDEX] Generated index 1: 1272 (byte:159 bit:0)
Byte 159 (0x82) bit pattern: 10000010
[INDEX] Generated index 2: 1500 (byte:187 bit:4)
Byte 187 (0x08) bit pattern: 00001000
[INDEX] Generated index 3: 879 (byte:109 bit:7)
Byte 109 (0x21) bit pattern: 00100001
[INDEX] Generated index 4: 1832 (byte:229 bit:0)
Byte 229 (0x80) bit pattern: 10000000
[INDEX] Generated index 5: 1898 (byte:237 bit:2)
Byte 237 (0x30) bit pattern: 00110000
[INDEX] Generated index 6: 674 (byte:84 bit:2)
Byte 84 (0xa8) bit pattern: 10101000
[INDEX] Generated index 0: 1380 (byte:172 bit:4)
Byte 172 (0x08) bit pattern: 00001000
[INDEX] Generated index 1: 1321 (byte:165 bit:1)
Byte 165 (0xe1) bit pattern: 11100001
[INDEX] Generated index 2: 1845 (byte:230 bit:5)
Byte 230 (0x04) bit pattern: 00000100
[INDEX] Generated index 3: 191 (byte:23 bit:7)
Byte 23 (0x01) bit pattern: 00000001
[INDEX] Generated index 4: 403 (byte:50 bit:3)
Byte 50 (0x10) bit pattern: 00010000
[INDEX] Generated index 5: 169 (byte:21 bit:1)
Byte 21 (0x40) bit pattern: 01000000
[INDEX] Generated index 6: 1564 (byte:195 bit:4)
Byte 195 (0x48) bit pattern: 01001000
[INDEX] Generated index 0: 473 (byte:59 bit:1)
Byte 59 (0x40) bit pattern: 01000000
[INDEX] Generated index 1: 109 (byte:13 bit:5)
Byte 13 (0x8c) bit pattern: 10001100
[INDEX] Generated index 2: 846 (byte:105 bit:6)
Byte 105 (0x4b) bit pattern: 01001011
[INDEX] Generated index 3: 282 (byte:35 bit:2)
Byte 35 (0x20) bit pattern: 00100000
[INDEX] Generated index 4: 1997 (byte:249 bit:5)
Byte 249 (0x04) bit pattern: 00000100
[INDEX] Generated index 5: 246 (byte:30 bit:6)
Byte 30 (0x02) bit pattern: 00000010
[INDEX] Generated index 6: 1069 (byte:133 bit:5)
Byte 133 (0x24) bit pattern: 00100100
[INDEX] Generated index 0: 436 (byte:54 bit:4)
Byte 54 (0x08) bit pattern: 00001000
[INDEX] Generated index 1: 1985 (byte:248 bit:1)
Byte 248 (0x42) bit pattern: 01000010
[INDEX] Generated index 2: 667 (byte:83 bit:3)
Byte 83 (0x10) bit pattern: 00010000
[INDEX] Generated index 3: 601 (byte:75 bit:1)
Byte 75 (0x42) bit pattern: 01000010
[INDEX] Generated index 4: 1174 (byte:146 bit:6)
Byte 146 (0x06) bit pattern: 00000110
[INDEX] Generated index 5: 559 (byte:69 bit:7)
Byte 69 (0x0d) bit pattern: 00001101
[INDEX] Generated index 6: 1088 (byte:136 bit:0)
Byte 136 (0x88) bit pattern: 10001000
[INDEX] Generated index 0: 418 (byte:52 bit:2)
Byte 52 (0x20) bit pattern: 00100000
[INDEX] Generated index 1: 1937 (byte:242 bit:1)
Byte 242 (0xc5) bit pattern: 11000101
[INDEX] Generated index 2: 171 (byte:21 bit:3)
Byte 21 (0x50) bit pattern: 01010000
[INDEX] Generated index 3: 328 (byte:41 bit:0)
Byte 41 (0x80) bit pattern: 10000000
[INDEX] Generated index 4: 1733 (byte:216 bit:5)
Byte 216 (0x14) bit pattern: 00010100
[INDEX] Generated index 5: 1063 (byte:132 bit:7)
Byte 132 (0x03) bit pattern: 00000011
[INDEX] Generated index 6: 201 (byte:25 bit:1)
Byte 25 (0x40) bit pattern: 01000000
[INDEX] Generated index 0: 474 (byte:59 bit:2)
Byte 59 (0x60) bit pattern: 01100000
[INDEX] Generated index 1: 988 (byte:123 bit:4)
Byte 123 (0x48) bit pattern: 01001000
[INDEX] Generated index 2: 952 (byte:119 bit:0)
Byte 119 (0x80) bit pattern: 10000000
[INDEX] Generated index 3: 720 (byte:90 bit:0)
Byte 90 (0xb8) bit pattern: 10111000
[INDEX] Generated index 4: 1717 (byte:214 bit:5)
Byte 214 (0x04) bit pattern: 00000100
[INDEX] Generated index 5: 902 (byte:112 bit:6)
Byte 112 (0x0a) bit pattern: 00001010
[INDEX] Generated index 6: 1154 (byte:144 bit:2)
Byte 144 (0x60) bit pattern: 01100000
[INDEX] Generated index 0: 498 (byte:62 bit:2)
Byte 62 (0x20) bit pattern: 00100000
[INDEX] Generated index 1: 776 (byte:97 bit:0)
Byte 97 (0x81) bit pattern: 10000001
[INDEX] Generated index 2: 1909 (byte:238 bit:5)
Byte 238 (0x44) bit pattern: 01000100
[INDEX] Generated index 3: 51 (byte:6 bit:3)
Byte 6 (0x10) bit pattern: 00010000
[INDEX] Generated index 4: 1678 (byte:209 bit:6)
Byte 209 (0x02) bit pattern: 00000010
[INDEX] Generated index 5: 1804 (byte:225 bit:4)
Byte 225 (0x08) bit pattern: 00001000
[INDEX] Generated index 6: 20 (byte:2 bit:4)
Byte 2 (0x0a) bit pattern: 00001010
[INDEX] Generated index 0: 2 (byte:0 bit:2)
Byte 0 (0xb0) bit pattern: 10110000
[INDEX] Generated index 1: 798 (byte:99 bit:6)
Byte 99 (0x02) bit pattern: 00000010
[INDEX] Generated index 2: 835 (byte:104 bit:3)
Byte 104 (0x10) bit pattern: 00010000
[INDEX] Generated index 3: 1328 (byte:166 bit:0)
Byte 166 (0xc0) bit pattern: 11000000
[INDEX] Generated index 4: 485 (byte:60 bit:5)
Byte 60 (0x04) bit pattern: 00000100
[INDEX] Generated index 5: 940 (byte:117 bit:4)
Byte 117 (0x08) bit pattern: 00001000
[INDEX] Generated index 6: 483 (byte:60 bit:3)
Byte 60 (0x14) bit pattern: 00010100
[INDEX] Generated index 0: 40 (byte:5 bit:0)
Byte 5 (0x80) bit pattern: 10000000
[INDEX] Generated index 1: 772 (byte:96 bit:4)
Byte 96 (0x08) bit pattern: 00001000
[INDEX] Generated index 2: 272 (byte:34 bit:0)
Byte 34 (0xc0) bit pattern: 11000000
[INDEX] Generated index 3: 1550 (byte:193 bit:6)
Byte 193 (0x82) bit pattern: 10000010
[INDEX] Generated index 4: 756 (byte:94 bit:4)
Byte 94 (0x08) bit pattern: 00001000
[INDEX] Generated index 5: 1073 (byte:134 bit:1)
Byte 134 (0x40) bit pattern: 01000000
[INDEX] Generated index 6: 391 (byte:48 bit:7)
Byte 48 (0x01) bit pattern: 00000001
[INDEX] Generated index 0: 97 (byte:12 bit:1)
Byte 12 (0x41) bit pattern: 01000001
[INDEX] Generated index 1: 11 (byte:1 bit:3)
Byte 1 (0x10) bit pattern: 00010000
[INDEX] Generated index 2: 499 (byte:62 bit:3)
Byte 62 (0x30) bit pattern: 00110000
[INDEX] Generated index 3: 1582 (byte:197 bit:6)
Byte 197 (0x02) bit pattern: 00000010
[INDEX] Generated index 4: 1562 (byte:195 bit:2)
Byte 195 (0x68) bit pattern: 01101000
[INDEX] Generated index 5: 265 (byte:33 bit:1)
Byte 33 (0x40) bit pattern: 01000000
[INDEX] Generated index 6: 990 (byte:123 bit:6)
Byte 123 (0x4a) bit pattern: 01001010
[INDEX] Generated index 0: 196 (byte:24 bit:4)
Byte 24 (0x4a) bit pattern: 01001010
[INDEX] Generated index 1: 1458 (byte:182 bit:2)
Byte 182 (0x60) bit pattern: 01100000
[INDEX] Generated index 2: 835 (byte:104 bit:3)
Byte 104 (0x10) bit pattern: 00010000
[INDEX] Generated index 3: 1993 (byte:249 bit:1)
Byte 249 (0x44) bit pattern: 01000100
[INDEX] Generated index 4: 1637 (byte:204 bit:5)
Byte 204 (0x04) bit pattern: 00000100
[INDEX] Generated index 5: 405 (byte:50 bit:5)
Byte 50 (0x14) bit pattern: 00010100
[INDEX] Generated index 6: 1171 (byte:146 bit:3)
Byte 146 (0x16) bit pattern: 00010110
[INDEX] Generated index 0: 1560 (byte:195 bit:0)
Byte 195 (0xe8) bit pattern: 11101000
[INDEX] Generated index 1: 1800 (byte:225 bit:0)
Byte 225 (0x88) bit pattern: 10001000
[INDEX] Generated index 2: 1336 (byte:167 bit:0)
Byte 167 (0x88) bit pattern: 10001000
[INDEX] Generated index 3: 321 (byte:40 bit:1)
Byte 40 (0x40) bit pattern: 01000000
[INDEX] Generated index 4: 578 (byte:72 bit:2)
Byte 72 (0x20) bit pattern: 00100000
[INDEX] Generated index 5: 774 (byte:96 bit:6)
Byte 96 (0x0a) bit pattern: 00001010
[INDEX] Generated index 6: 1952 (byte:244 bit:0)
Byte 244 (0x80) bit pattern: 10000000
[INDEX] Generated index 0: 420 (byte:52 bit:4)
Byte 52 (0x28) bit pattern: 00101000
[INDEX] Generated index 1: 1690 (byte:211 bit:2)
Byte 211 (0x60) bit pattern: 01100000
[INDEX] Generated index 2: 675 (byte:84 bit:3)
Byte 84 (0xb8) bit pattern: 10111000
[INDEX] Generated index 3: 1262 (byte:157 bit:6)
Byte 157 (0x06) bit pattern: 00000110
[INDEX] Generated index 4: 4 (byte:0 bit:4)
Byte 0 (0xb8) bit pattern: 10111000
[INDEX] Generated index 5: 1691 (byte:211 bit:3)
Byte 211 (0x70) bit pattern: 01110000
[INDEX] Generated index 6: 1849 (byte:231 bit:1)
Byte 231 (0x4b) bit pattern: 01001011
[INDEX] Generated index 0: 1621 (byte:202 bit:5)
Byte 202 (0x04) bit pattern: 00000100
[INDEX] Generated index 1: 1250 (byte:156 bit:2)
Byte 156 (0x20) bit pattern: 00100000
[INDEX] Generated index 2: 378 (byte:47 bit:2)
Byte 47 (0x20) bit pattern: 00100000
[INDEX] Generated index 3: 24 (byte:3 bit:0)
Byte 3 (0x80) bit pattern: 10000000
[INDEX] Generated index 4: 2039 (byte:254 bit:7)
Byte 254 (0x01) bit pattern: 00000001
[INDEX] Generated index 5: 679 (byte:84 bit:7)
Byte 84 (0xb9) bit pattern: 10111001
[INDEX] Generated index 6: 196 (byte:24 bit:4)
Byte 24 (0x4a) bit pattern: 01001010
[INDEX] Generated index 0: 1436 (byte:179 bit:4)
Byte 179 (0x58) bit pattern: 01011000
[INDEX] Generated index 1: 1773 (byte:221 bit:5)
Byte 221 (0x04) bit pattern: 00000100
[INDEX] Generated index 2: 1236 (byte:154 bit:4)
Byte 154 (0x08) bit pattern: 00001000
[INDEX] Generated index 3: 1501 (byte:187 bit:5)
Byte 187 (0x0c) bit pattern: 00001100
[INDEX] Generated index 4: 1986 (byte:248 bit:2)
Byte 248 (0x62) bit pattern: 01100010
[INDEX] Generated index 5: 1087 (byte:135 bit:7)
Byte 135 (0x01) bit pattern: 00000001
[INDEX] Generated index 6: 1546 (byte:193 bit:2)
Byte 193 (0xa2) bit pattern: 10100010
[INDEX] Generated index 0: 1914 (byte:239 bit:2)
Byte 239 (0x21) bit pattern: 00100001
[INDEX] Generated index 1: 1815 (byte:226 bit:7)
Byte 226 (0x11) bit pattern: 00010001
[INDEX] Generated index 2: 1110 (byte:138 bit:6)
Byte 138 (0x02) bit pattern: 00000010
[INDEX] Generated index 3: 837 (byte:104 bit:5)
Byte 104 (0x14) bit pattern: 00010100
[INDEX] Generated index 4: 76 (byte:9 bit:4)
Byte 9 (0x28) bit pattern: 00101000
[INDEX] Generated index 5: 1024 (byte:128 bit:0)
Byte 128 (0x82) bit pattern: 10000010
[INDEX] Generated index 6: 897 (byte:112 bit:1)
Byte 112 (0x4a) bit pattern: 01001010
[INDEX] Generated index 0: 490 (byte:61 bit:2)
Byte 61 (0x28) bit pattern: 00101000
[INDEX] Generated index 1: 663 (byte:82 bit:7)
Byte 82 (0x09) bit pattern: 00001001
[INDEX] Generated index 2: 942 (byte:117 bit:6)
Byte 117 (0x0a) bit pattern: 00001010
[INDEX] Generated index 3: 317 (byte:39 bit:5)
Byte 39 (0x24) bit pattern: 00100100
[INDEX] Generated index 4: 1874 (byte:234 bit:2)
Byte 234 (0xa8) bit pattern: 10101000
[INDEX] Generated index 5: 1680 (byte:210 bit:0)
Byte 210 (0x80) bit pattern: 10000000
[INDEX] Generated index 6: 646 (byte:80 bit:6)
Byte 80 (0x22) bit pattern: 00100010
[INDEX] Generated index 0: 1170 (byte:146 bit:2)
Byte 146 (0x36) bit pattern: 00110110
[INDEX] Generated index 1: 1283 (byte:160 bit:3)
Byte 160 (0x10) bit pattern: 00010000
[INDEX] Generated index 2: 172 (byte:21 bit:4)
Byte 21 (0x58) bit pattern: 01011000
[INDEX] Generated index 3: 1064 (byte:133 bit:0)
Byte 133 (0xa4) bit pattern: 10100100
[INDEX] Generated index 4: 1811 (byte:226 bit:3)
Byte 226 (0x11) bit pattern: 00010001
[INDEX] Generated index 5: 1449 (byte:181 bit:1)
Byte 181 (0xc0) bit pattern: 11000000
[INDEX] Generated index 6: 1986 (byte:248 bit:2)
Byte 248 (0x62) bit pattern: 01100010
[INDEX] Generated index 0: 1739 (byte:217 bit:3)
Byte 217 (0x30) bit pattern: 00110000
[INDEX] Generated index 1: 1035 (byte:129 bit:3)
Byte 129 (0x12) bit pattern: 00010010
[INDEX] Generated index 2: 1293 (byte:161 bit:5)
Byte 161 (0x04) bit pattern: 00000100
[INDEX] Generated index 3: 1603 (byte:200 bit:3)
Byte 200 (0x10) bit pattern: 00010000
[INDEX] Generated index 4: 1561 (byte:195 bit:1)
Byte 195 (0xe8) bit pattern: 11101000
[INDEX] Generated index 5: 1178 (byte:147 bit:2)
Byte 147 (0x30) bit pattern: 00110000
[INDEX] Generated index 6: 409 (byte:51 bit:1)
Byte 51 (0x40) bit pattern: 01000000
[INDEX] Generated index 0: 1188 (byte:148 bit:4)
Byte 148 (0x08) bit pattern: 00001000
[INDEX] Generated index 1: 591 (byte:73 bit:7)
Byte 73 (0x01) bit pattern: 00000001
[INDEX] Generated index 2: 1383 (byte:172 bit:7)
Byte 172 (0x09) bit pattern: 00001001
[INDEX] Generated index 3: 250 (byte:31 bit:2)
Byte 31 (0x20) bit pattern: 00100000
[INDEX] Generated index 4: 1554 (byte:194 bit:2)
Byte 194 (0x28) bit pattern: 00101000
[INDEX] Generated index 5: 35 (byte:4 bit:3)
Byte 4 (0x10) bit pattern: 00010000
[INDEX] Generated index 6: 924 (byte:115 bit:4)
Byte 115 (0x09) bit pattern: 00001001
[INDEX] Generated index 0: 2013 (byte:251 bit:5)
Byte 251 (0x06) bit pattern: 00000110
[INDEX] Generated index 1: 1979 (byte:247 bit:3)
Byte 247 (0x52) bit pattern: 01010010
[INDEX] Generated index 2: 839 (byte:104 bit:7)
Byte 104 (0x15) bit pattern: 00010101
[INDEX] Generated index 3: 418 (byte:52 bit:2)
Byte 52 (0x28) bit pattern: 00101000
[INDEX] Generated index 4: 1039 (byte:129 bit:7)
Byte 129 (0x13) bit pattern: 00010011
[INDEX] Generated index 5: 1916 (byte:239 bit:4)
Byte 239 (0x29) bit pattern: 00101001
[INDEX] Generated index 6: 1107 (byte:138 bit:3)
Byte 138 (0x12) bit pattern: 00010010
[INDEX] Generated index 0: 1665 (byte:208 bit:1)
Byte 208 (0x40) bit pattern: 01000000
[INDEX] Generated index 1: 1676 (byte:209 bit:4)
Byte 209 (0x0a) bit pattern: 00001010
[INDEX] Generated index 2: 1814 (byte:226 bit:6)
Byte 226 (0x13) bit pattern: 00010011
[INDEX] Generated index 3: 717 (byte:89 bit:5)
Byte 89 (0x04) bit pattern: 00000100
[INDEX] Generated index 4: 1725 (byte:215 bit:5)
Byte 215 (0x84) bit pattern: 10000100
[INDEX] Generated index 5: 1023 (byte:127 bit:7)
Byte 127 (0x01) bit pattern: 00000001
[INDEX] Generated index 6: 1120 (byte:140 bit:0)
Byte 140 (0x82) bit pattern: 10000010
[INDEX] Generated index 0: 1570 (byte:196 bit:2)
Byte 196 (0xa0) bit pattern: 10100000
[INDEX] Generated index 1: 1340 (byte:167 bit:4)
Byte 167 (0x88) bit pattern: 10001000
[INDEX] Generated index 2: 1694 (byte:211 bit:6)
Byte 211 (0x72) bit pattern: 01110010
[INDEX] Generated index 3: 740 (byte:92 bit:4)
Byte 92 (0x49) bit pattern: 01001001
[INDEX] Generated index 4: 1788 (byte:223 bit:4)
Byte 223 (0x28) bit pattern: 00101000
[INDEX] Generated index 5: 1379 (byte:172 bit:3)
Byte 172 (0x19) bit pattern: 00011001
[INDEX] Generated index 6: 1157 (byte:144 bit:5)
Byte 144 (0x64) bit pattern: 01100100
[INDEX] Generated index 0: 563 (byte:70 bit:3)
Byte 70 (0x30) bit pattern: 00110000
[INDEX] Generated index 1: 452 (byte:56 bit:4)
Byte 56 (0x08) bit pattern: 00001000
[INDEX] Generated index 2: 438 (byte:54 bit:6)
Byte 54 (0x0a) bit pattern: 00001010
[INDEX] Generated index 3: 590 (byte:73 bit:6)
Byte 73 (0x03) bit pattern: 00000011
[INDEX] Generated index 4: 1299 (byte:162 bit:3)
Byte 162 (0x51) bit pattern: 01010001
[INDEX] Generated index 5: 704 (byte:88 bit:0)
Byte 88 (0x80) bit pattern: 10000000
[INDEX] Generated index 6: 100 (byte:12 bit:4)
Byte 12 (0x49) bit pattern: 01001001
[INDEX] Generated index 0: 54 (byte:6 bit:6)
Byte 6 (0x12) bit pattern: 00010010
[INDEX] Generated index 1: 859 (byte:107 bit:3)
Byte 107 (0x10) bit pattern: 00010000
[INDEX] Generated index 2: 820 (byte:102 bit:4)
Byte 102 (0x08) bit pattern: 00001000
[INDEX] Generated index 3: 1709 (byte:213 bit:5)
Byte 213 (0x04) bit pattern: 00000100
[INDEX] Generated index 4: 1388 (byte:173 bit:4)
Byte 173 (0x08) bit pattern: 00001000
[INDEX] Generated index 5: 1372 (byte:171 bit:4)
Byte 171 (0x08) bit pattern: 00001000
[INDEX] Generated index 6: 146 (byte:18 bit:2)
Byte 18 (0x20) bit pattern: 00100000
[INDEX] Generated index 0: 688 (byte:86 bit:0)
Byte 86 (0x80) bit pattern: 10000000
[INDEX] Generated index 1: 763 (byte:95 bit:3)
Byte 95 (0x10) bit pattern: 00010000
[INDEX] Generated index 2: 365 (byte:45 bit:5)
Byte 45 (0x04) bit pattern: 00000100
[INDEX] Generated index 3: 1674 (byte:209 bit:2)
Byte 209 (0x2a) bit pattern: 00101010
[INDEX] Generated index 4: 557 (byte:69 bit:5)
Byte 69 (0x0d) bit pattern: 00001101
[INDEX] Generated index 5: 1222 (byte:152 bit:6)
Byte 152 (0x12) bit pattern: 00010010
[INDEX] Generated index 6: 317 (byte:39 bit:5)
Byte 39 (0x24) bit pattern: 00100100
[INDEX] Generated index 0: 578 (byte:72 bit:2)
Byte 72 (0x20) bit pattern: 00100000
[INDEX] Generated index 1: 195 (byte:24 bit:3)
Byte 24 (0x5a) bit pattern: 01011010
[INDEX] Generated index 2: 125 (byte:15 bit:5)
Byte 15 (0x4e) bit pattern: 01001110
[INDEX] Generated index 3: 1344 (byte:168 bit:0)
Byte 168 (0x80) bit pattern: 10000000
[INDEX] Generated index 4: 993 (byte:124 bit:1)
Byte 124 (0x40) bit pattern: 01000000
[INDEX] Generated index 5: 574 (byte:71 bit:6)
Byte 71 (0x06) bit pattern: 00000110
[INDEX] Generated index 6: 180 (byte:22 bit:4)
Byte 22 (0x0a) bit pattern: 00001010
[INDEX] Generated index 0: 219 (byte:27 bit:3)
Byte 27 (0x10) bit pattern: 00010000
[INDEX] Generated index 1: 1536 (byte:192 bit:0)
Byte 192 (0x80) bit pattern: 10000000
[INDEX] Generated index 2: 1353 (byte:169 bit:1)
Byte 169 (0x40) bit pattern: 01000000
[INDEX] Generated index 3: 1188 (byte:148 bit:4)
Byte 148 (0x08) bit pattern: 00001000
[INDEX] Generated index 4: 827 (byte:103 bit:3)
Byte 103 (0x10) bit pattern: 00010000
[INDEX] Generated index 5: 926 (byte:115 bit:6)
Byte 115 (0x0b) bit pattern: 00001011
[INDEX] Generated index 6: 856 (byte:107 bit:0)
Byte 107 (0x90) bit pattern: 10010000
[INDEX] Generated index 0: 131 (byte:16 bit:3)
Byte 16 (0x30) bit pattern: 00110000
[INDEX] Generated index 1: 1766 (byte:220 bit:6)
Byte 220 (0x02) bit pattern: 00000010
[INDEX] Generated index 2: 1305 (byte:163 bit:1)
Byte 163 (0x60) bit pattern: 01100000
[INDEX] Generated index 3: 90 (byte:11 bit:2)
Byte 11 (0x20) bit pattern: 00100000
[INDEX] Generated index 4: 1060 (byte:132 bit:4)
Byte 132 (0x0b) bit pattern: 00001011
[INDEX] Generated index 5: 1307 (byte:163 bit:3)
Byte 163 (0x70) bit pattern: 01110000
[INDEX] Generated index 6: 467 (byte:58 bit:3)
Byte 58 (0x16) bit pattern: 00010110
[INDEX] Generated index 0: 59 (byte:7 bit:3)
Byte 7 (0x10) bit pattern: 00010000
[INDEX] Generated index 1: 1101 (byte:137 bit:5)
Byte 137 (0x84) bit pattern: 10000100
[INDEX] Generated index 2: 149 (byte:18 bit:5)
Byte 18 (0x24) bit pattern: 00100100
[INDEX] Generated index 3: 453 (byte:56 bit:5)
Byte 56 (0x0c) bit pattern: 00001100
[INDEX] Generated index 4: 13 (byte:1 bit:5)
Byte 1 (0x14) bit pattern: 00010100
[INDEX] Generated index 5: 1553 (byte:194 bit:1)
Byte 194 (0x68) bit pattern: 01101000
[INDEX] Generated index 6: 1188 (byte:148 bit:4)
Byte 148 (0x08) bit pattern: 00001000
[INDEX] Generated index 0: 1012 (byte:126 bit:4)
Byte 126 (0x08) bit pattern: 00001000
[INDEX] Generated index 1: 1781 (byte:222 bit:5)
Byte 222 (0x04) bit pattern: 00000100
[INDEX] Generated index 2: 92 (byte:11 bit:4)
Byte 11 (0x28) bit pattern: 00101000
[INDEX] Generated index 3: 533 (byte:66 bit:5)
Byte 66 (0x24) bit pattern: 00100100
[INDEX] Generated index 4: 977 (byte:122 bit:1)
Byte 122 (0x40) bit pattern: 01000000
[INDEX] Generated index 5: 814 (byte:101 bit:6)
Byte 101 (0x02) bit pattern: 00000010
[INDEX] Generated index 6: 723 (byte:90 bit:3)
Byte 90 (0xb8) bit pattern: 10111000
[INDEX] Generated index 0: 2001 (byte:250 bit:1)
Byte 250 (0x44) bit pattern: 01000100
[INDEX] Generated index 1: 820 (byte:102 bit:4)
Byte 102 (0x08) bit pattern: 00001000
[INDEX] Generated index 2: 1084 (byte:135 bit:4)
Byte 135 (0x09) bit pattern: 00001001
[INDEX] Generated index 3: 1255 (byte:156 bit:7)
Byte 156 (0x21) bit pattern: 00100001
[INDEX] Generated index 4: 811 (byte:101 bit:3)
Byte 101 (0x12) bit pattern: 00010010
[INDEX] Generated index 5: 760 (byte:95 bit:0)
Byte 95 (0x90) bit pattern: 10010000
[INDEX] Generated index 6: 1963 (byte:245 bit:3)
Byte 245 (0x12) bit pattern: 00010010
[INDEX] Generated index 0: 323 (byte:40 bit:3)
Byte 40 (0x50) bit pattern: 01010000
[INDEX] Generated index 1: 926 (byte:115 bit:6)
Byte 115 (0x0b) bit pattern: 00001011
[INDEX] Generated index 2: 563 (byte:70 bit:3)
Byte 70 (0x30) bit pattern: 00110000
[INDEX] Generated index 3: 63 (byte:7 bit:7)
Byte 7 (0x11) bit pattern: 00010001
[INDEX] Generated index 4: 1045 (byte:130 bit:5)
Byte 130 (0x06) bit pattern: 00000110
[INDEX] Generated index 5: 741 (byte:92 bit:5)
Byte 92 (0x4d) bit pattern: 01001101
[INDEX] Generated index 6: 1919 (byte:239 bit:7)
Byte 239 (0x29) bit pattern: 00101001
[INDEX] Generated index 0: 1707 (byte:213 bit:3)
Byte 213 (0x14) bit pattern: 00010100
[INDEX] Generated index 1: 159 (byte:19 bit:7)
Byte 19 (0x03) bit pattern: 00000011
[INDEX] Generated index 2: 958 (byte:119 bit:6)
Byte 119 (0x82) bit pattern: 10000010
[INDEX] Generated index 3: 1324 (byte:165 bit:4)
Byte 165 (0xe9) bit pattern: 11101001
[INDEX] Generated index 4: 332 (byte:41 bit:4)
Byte 41 (0x88) bit pattern: 10001000
[INDEX] Generated index 5: 1940 (byte:242 bit:4)
Byte 242 (0xcd) bit pattern: 11001101
[INDEX] Generated index 6: 1737 (byte:217 bit:1)
Byte 217 (0x70) bit pattern: 01110000
[INDEX] Generated index 0: 920 (byte:115 bit:0)
Byte 115 (0x8b) bit pattern: 10001011
[INDEX] Generated index 1: 1459 (byte:182 bit:3)
Byte 182 (0x70) bit pattern: 01110000
[INDEX] Generated index 2: 1392 (byte:174 bit:0)
Byte 174 (0x84) bit pattern: 10000100
[INDEX] Generated index 3: 1659 (byte:207 bit:3)
Byte 207 (0x91) bit pattern: 10010001
[INDEX] Generated index 4: 1600 (byte:200 bit:0)
Byte 200 (0x90) bit pattern: 10010000
[INDEX] Generated index 5: 1690 (byte:211 bit:2)
Byte 211 (0x72) bit pattern: 01110010
[INDEX] Generated index 6: 988 (byte:123 bit:4)
Byte 123 (0x4a) bit pattern: 01001010
[INDEX] Generated index 0: 534 (byte:66 bit:6)
Byte 66 (0x26) bit pattern: 00100110
[INDEX] Generated index 1: 1537 (byte:192 bit:1)
Byte 192 (0xc0) bit pattern: 11000000
[INDEX] Generated index 2: 1789 (byte:223 bit:5)
Byte 223 (0x2c) bit pattern: 00101100
[INDEX] Generated index 3: 303 (byte:37 bit:7)
Byte 37 (0x01) bit pattern: 00000001
[INDEX] Generated index 4: 327 (byte:40 bit:7)
Byte 40 (0x51) bit pattern: 01010001
[INDEX] Generated index 5: 1727 (byte:215 bit:7)
Byte 215 (0x85) bit pattern: 10000101
[INDEX] Generated index 6: 670 (byte:83 bit:6)
Byte 83 (0x12) bit pattern: 00010010
[INDEX] Generated index 0: 301 (byte:37 bit:5)
Byte 37 (0x05) bit pattern: 00000101
[INDEX] Generated index 1: 1231 (byte:153 bit:7)
Byte 153 (0x91) bit pattern: 10010001
[INDEX] Generated index 2: 1912 (byte:239 bit:0)
Byte 239 (0xa9) bit pattern: 10101001
[INDEX] Generated index 3: 910 (byte:113 bit:6)
Byte 113 (0x0a) bit pattern: 00001010
[INDEX] Generated index 4: 793 (byte:99 bit:1)
Byte 99 (0x42) bit pattern: 01000010
[INDEX] Generated index 5: 410 (byte:51 bit:2)
Byte 51 (0x60) bit pattern: 01100000
[INDEX] Generated index 6: 1275 (byte:159 bit:3)
Byte 159 (0x92) bit pattern: 10010010
[INDEX] Generated index 0: 1913 (byte:239 bit:1)
Byte 239 (0xe9) bit pattern: 11101001
[INDEX] Generated index 1: 1789 (byte:223 bit:5)
Byte 223 (0x2c) bit pattern: 00101100
[INDEX] Generated index 2: 1420 (byte:177 bit:4)
Byte 177 (0x08) bit pattern: 00001000
[INDEX] Generated index 3: 1169 (byte:146 bit:1)
Byte 146 (0x76) bit pattern: 01110110
[INDEX] Generated index 4: 1884 (byte:235 bit:4)
Byte 235 (0x0c) bit pattern: 00001100
[INDEX] Generated index 5: 99 (byte:12 bit:3)
Byte 12 (0x59) bit pattern: 01011001
[INDEX] Generated index 6: 327 (byte:40 bit:7)
Byte 40 (0x51) bit pattern: 01010001
[INDEX] Generated index 0: 782 (byte:97 bit:6)
Byte 97 (0x83) bit pattern: 10000011
[INDEX] Generated index 1: 803 (byte:100 bit:3)
Byte 100 (0x10) bit pattern: 00010000
[INDEX] Generated index 2: 1623 (byte:202 bit:7)
Byte 202 (0x05) bit pattern: 00000101
[INDEX] Generated index 3: 1871 (byte:233 bit:7)
Byte 233 (0x03) bit pattern: 00000011
[INDEX] Generated index 4: 1361 (byte:170 bit:1)
Byte 170 (0x40) bit pattern: 01000000
[INDEX] Generated index 5: 379 (byte:47 bit:3)
Byte 47 (0x30) bit pattern: 00110000
[INDEX] Generated index 6: 28 (byte:3 bit:4)
Byte 3 (0x88) bit pattern: 10001000
[INDEX] Generated index 0: 2015 (byte:251 bit:7)
Byte 251 (0x07) bit pattern: 00000111
[INDEX] Generated index 1: 823 (byte:102 bit:7)
Byte 102 (0x09) bit pattern: 00001001
[INDEX] Generated index 2: 611 (byte:76 bit:3)
Byte 76 (0x15) bit pattern: 00010101
[INDEX] Generated index 3: 1400 (byte:175 bit:0)
Byte 175 (0x80) bit pattern: 10000000
[INDEX] Generated index 4: 597 (byte:74 bit:5)
Byte 74 (0x34) bit pattern: 00110100
[INDEX] Generated index 5: 227 (byte:28 bit:3)
Byte 28 (0x10) bit pattern: 00010000
[INDEX] Generated index 6: 456 (byte:57 bit:0)
Byte 57 (0xe0) bit pattern: 11100000
[INDEX] Generated index 0: 1437 (byte:179 bit:5)
Byte 179 (0x5c) bit pattern: 01011100
[INDEX] Generated index 1: 1772 (byte:221 bit:4)
Byte 221 (0x0c) bit pattern: 00001100
[INDEX] Generated index 2: 1435 (byte:179 bit:3)
Byte 179 (0x5c) bit pattern: 01011100
[INDEX] Generated index 3: 2043 (byte:255 bit:3)
Byte 255 (0x50) bit pattern: 01010000
[INDEX] Generated index 4: 1763 (byte:220 bit:3)
Byte 220 (0x12) bit pattern: 00010010
[INDEX] Generated index 5: 1047 (byte:130 bit:7)
Byte 130 (0x07) bit pattern: 00000111
[INDEX] Generated index 6: 1456 (byte:182 bit:0)
Byte 182 (0xf0) bit pattern: 11110000
[INDEX] Generated index 0: 264 (byte:33 bit:0)
Byte 33 (0xc0) bit pattern: 11000000
[INDEX] Generated index 1: 1011 (byte:126 bit:3)
Byte 126 (0x18) bit pattern: 00011000
[INDEX] Generated index 2: 645 (byte:80 bit:5)
Byte 80 (0x26) bit pattern: 00100110
[INDEX] Generated index 3: 1155 (byte:144 bit:3)
Byte 144 (0x74) bit pattern: 01110100
[INDEX] Generated index 4: 8 (byte:1 bit:0)
Byte 1 (0x94) bit pattern: 10010100
[INDEX] Generated index 5: 1692 (byte:211 bit:4)
Byte 211 (0x7a) bit pattern: 01111010
[INDEX] Generated index 6: 1624 (byte:203 bit:0)
Byte 203 (0x80) bit pattern: 10000000
[INDEX] Generated index 0: 637 (byte:79 bit:5)
Byte 79 (0x24) bit pattern: 00100100
[INDEX] Generated index 1: 1174 (byte:146 bit:6)
Byte 146 (0x76) bit pattern: 01110110
[INDEX] Generated index 2: 1239 (byte:154 bit:7)
Byte 154 (0x09) bit pattern: 00001001
[INDEX] Generated index 3: 1492 (byte:186 bit:4)
Byte 186 (0x08) bit pattern: 00001000
[INDEX] Generated index 4: 40 (byte:5 bit:0)
Byte 5 (0x80) bit pattern: 10000000
[INDEX] Generated index 5: 1987 (byte:248 bit:3)
Byte 248 (0x72) bit pattern: 01110010
[INDEX] Generated index 6: 583 (byte:72 bit:7)
Byte 72 (0x21) bit pattern: 00100001
[INDEX] Generated index 0: 1913 (byte:239 bit:1)
Byte 239 (0xe9) bit pattern: 11101001
[INDEX] Generated index 1: 1402 (byte:175 bit:2)
Byte 175 (0xa0) bit pattern: 10100000
[INDEX] Generated index 2: 861 (byte:107 bit:5)
Byte 107 (0x94) bit pattern: 10010100
[INDEX] Generated index 3: 971 (byte:121 bit:3)
Byte 121 (0x10) bit pattern: 00010000
[INDEX] Generated index 4: 1367 (byte:170 bit:7)
Byte 170 (0x41) bit pattern: 01000001
[INDEX] Generated index 5: 1287 (byte:160 bit:7)
Byte 160 (0x11) bit pattern: 00010001
[INDEX] Generated index 6: 1251 (byte:156 bit:3)
Byte 156 (0x31) bit pattern: 00110001
[INDEX] Generated index 0: 1298 (byte:162 bit:2)
Byte 162 (0x71) bit pattern: 01110001
[INDEX] Generated index 1: 1620 (byte:202 bit:4)
Byte 202 (0x0d) bit pattern: 00001101
[INDEX] Generated index 2: 375 (byte:46 bit:7)
Byte 46 (0x01) bit pattern: 00000001
[INDEX] Generated index 3: 467 (byte:58 bit:3)
Byte 58 (0x16) bit pattern: 00010110
[INDEX] Generated index 4: 1072 (byte:134 bit:0)
Byte 134 (0xc0) bit pattern: 11000000
[INDEX] Generated index 5: 671 (byte:83 bit:7)
Byte 83 (0x13) bit pattern: 00010011
[INDEX] Generated index 6: 1418 (byte:177 bit:2)
Byte 177 (0x28) bit pattern: 00101000
[INDEX] Generated index 0: 508 (byte:63 bit:4)
Byte 63 (0x0c) bit pattern: 00001100
[INDEX] Generated index 1: 1651 (byte:206 bit:3)
Byte 206 (0x11) bit pattern: 00010001
[INDEX] Generated index 2: 1390 (byte:173 bit:6)
Byte 173 (0x0a) bit pattern: 00001010
[INDEX] Generated index 3: 308 (byte:38 bit:4)
Byte 38 (0x08) bit pattern: 00001000
[INDEX] Generated index 4: 1826 (byte:228 bit:2)
Byte 228 (0x30) bit pattern: 00110000
[INDEX] Generated index 5: 1061 (byte:132 bit:5)
Byte 132 (0x0f) bit pattern: 00001111
[INDEX] Generated index 6: 1067 (byte:133 bit:3)
Byte 133 (0xb4) bit pattern: 10110100
[INDEX] Generated index 0: 705 (byte:88 bit:1)
Byte 88 (0xc0) bit pattern: 11000000
[INDEX] Generated index 1: 423 (byte:52 bit:7)
Byte 52 (0x29) bit pattern: 00101001
[INDEX] Generated index 2: 71 (byte:8 bit:7)
Byte 8 (0x01) bit pattern: 00000001
[INDEX] Generated index 3: 1863 (byte:232 bit:7)
Byte 232 (0x11) bit pattern: 00010001
[INDEX] Generated index 4: 775 (byte:96 bit:7)
Byte 96 (0x0b) bit pattern: 00001011
[INDEX] Generated index 5: 1321 (byte:165 bit:1)
Byte 165 (0xe9) bit pattern: 11101001
[INDEX] Generated index 6: 708 (byte:88 bit:4)
Byte 88 (0xc8) bit pattern: 11001000
Original BF bits:
10111000 10010100 00001010 10001000 00010000 10000000 00010010 00010001 00000001 00101000 00000000 00101000 0101
Encrypted BF bits:
10000101 00101001 01011100 10010001 01111001 01100101 01101111 01000100 11110000 10100101 11001011 01110101 0000
Encrypted Bloom Filter (256 bytes):
85 29 5c 91 79 65 6f 44 f0 a5 cb 75 04 b7 27 2e cb a1 31 aa 3d 1b ed 68 d0 50 e9 ca 48 cd d1 96 3a ce a4 fe 75 81 e8 17 a7 32 33 cc 82 d4 c0 d3 02 15 71 1b e9 8f ed 76 55 77 30 87 90 7f c3 37 9a 32 e1 6c d7 08 b3 72 ea eb fe 5b f1 f9 94 f5 86 d4 19 e0 0b 81 0a df 4b 39 5b c0 48 4e 48 a2 c6 24 11 3f 75 ee 88 27 09 ca 41 4a 92 40 cb 03 6a 82 7d b3 db 14 29 fa ad fa cc cd 1d cd af bb f0 09 d7 96 32 fb 59 d8 88 09 4c 84 21 4a 1b 36 9d 62 78 03 70 51 10 96 e3 22 86 5b 39 32 27 e3 e7 86 cb c4 cc 31 2b 96 8f df 8c 07 3d 07 d2 70 a5 8b 24 bf 1d f6 d5 e7 ad 10 60 40 aa 8b c1 03 79 86 b4 d2 14 01 c5 93 f3 17 c3 af fb 9c e2 31 e6 24 8e f3 10 2b 50 df ce fe 72 8a 06 79 1c c8 f3 e5 fd 41 88 f3 1d 06 66 99 86 4a 45 00 16 4d b0 91 fd 13 7b 67 a1 cc 83 db 95 9e 8c 96 f8 37 
=== Document 0 Query Results ===
[DECRYPTED BF DEBUG] Original bf size: 2048, Padded size: 256
[DECRYPTED BF CONTENT] b8 94 0a 88 10 80 12 11 01 28 00 28 59 8c 00 4e 30 02 24 03 20 58 0a 01 5a 40 04 10 10 00 02 20 04 c0 c0 20 00 05 08 24 51 88 01 00 10 04 01 30 01 88 14 60 29 8c 0a 80 0c e0 16 60 14 28 30 0c 00 28 26 04 01 0d 30 06 21 03 34 42 15 00 10 24 26 0a 09 13 b9 0a 80 01 c8 04 b8 00 4d 00 08 90 0b 83 00 42 10 12 09 10 15 4b 00 94 80 21 40 4a 4a 0a 00 8b 40 0a 00 82 40 10 40 4a 40 41 18 01 82 13 07 14 0f b4 c0 09 88 84 12 00 82 02 24 80 74 00 76 30 08 00 02 80 12 91 09 00 31 06 00 92 11 04 71 70 00 e9 c0 88 80 40 41 08 19 0a 84 a0 01 28 00 5c 08 c0 f0 00 20 00 08 0c 28 80 80 20 c0 a2 68 e8 a0 02 00 20 90 00 0d 80 04 00 11 91 40 2a 80 7a 00 14 04 85 14 70 04 00 12 0c 04 2c 00 88 13 00 30 80 04 4b 11 03 a8 0c 00 30 44 e9 20 00 cd 02 80 12 00 52 72 44 44 07 00 80 01 50 
Keyword 'apple' in doc 0: Found
Keyword 'zucchini' in doc 0: Found
Keyword 'nonexist' in doc 0: Not Found

=== DPF Query Simulation ===

Testing keyword: 'apple'
[INDEX] Generated index 0: 1885 (byte:235 bit:5)
Byte 235 (0x46) bit pattern: 01000110
[INDEX] Generated index 1: 524 (byte:65 bit:4)
Byte 65 (0x1a) bit pattern: 00011010
[INDEX] Generated index 2: 1448 (byte:181 bit:0)
Byte 181 (0xb6) bit pattern: 10110110
[INDEX] Generated index 3: 158 (byte:19 bit:6)
Byte 19 (0xab) bit pattern: 10101011
[INDEX] Generated index 4: 522 (byte:65 bit:2)
Byte 65 (0x3a) bit pattern: 00111010
[INDEX] Generated index 5: 1512 (byte:189 bit:0)
Byte 189 (0x8b) bit pattern: 10001011
[INDEX] Generated index 6: 594 (byte:74 bit:2)
Byte 74 (0xea) bit pattern: 11101010
[DECRYPTED BF DEBUG] Original bf size: 2048, Padded size: 256
[DECRYPTED BF CONTENT] b8 94 0a 88 10 80 12 11 01 28 00 28 59 8c 00 4e 30 02 24 03 20 58 0a 01 5a 40 04 10 10 00 02 20 04 c0 c0 20 00 05 08 24 51 88 01 00 10 04 01 30 01 88 14 60 29 8c 0a 80 0c e0 16 60 14 28 30 0c 00 28 26 04 01 0d 30 06 21 03 34 42 15 00 10 24 26 0a 09 13 b9 0a 80 01 c8 04 b8 00 4d 00 08 90 0b 83 00 42 10 12 09 10 15 4b 00 94 80 21 40 4a 4a 0a 00 8b 40 0a 00 82 40 10 40 4a 40 41 18 01 82 13 07 14 0f b4 c0 09 88 84 12 00 82 02 24 80 74 00 76 30 08 00 02 80 12 91 09 00 31 06 00 92 11 04 71 70 00 e9 c0 88 80 40 41 08 19 0a 84 a0 01 28 00 5c 08 c0 f0 00 20 00 08 0c 28 80 80 20 c0 a2 68 e8 a0 02 00 20 90 00 0d 80 04 00 11 91 40 2a 80 7a 00 14 04 85 14 70 04 00 12 0c 04 2c 00 88 13 00 30 80 04 4b 11 03 a8 0c 00 30 44 e9 20 00 cd 02 80 12 00 52 72 44 44 07 00 80 01 50 
[DECRYPTED BF] b8 94 0a 88 10 80 12 11 01 28 00 28 59 8c 00 4e 30 02 24 03 20 58 0a 01 5a 40 04 10 10 00 02 20 04 c0 c0 20 00 05 08 24 51 88 01 00 10 04 01 30 01 88 14 60 29 8c 0a 80 0c e0 16 60 14 28 30 0c 00 28 26 04 01 0d 30 06 21 03 34 42 15 00 10 24 26 0a 09 13 b9 0a 80 01 c8 04 b8 00 4d 00 08 90 0b 83 00 42 10 12 09 10 15 4b 00 94 80 21 40 4a 4a 0a 00 8b 40 0a 00 82 40 10 40 4a 40 41 18 01 82 13 07 14 0f b4 c0 09 88 84 12 00 82 02 24 80 74 00 76 30 08 00 02 80 12 91 09 00 31 06 00 92 11 04 71 70 00 e9 c0 88 80 40 41 08 19 0a 84 a0 01 28 00 5c 08 c0 f0 00 20 00 08 0c 28 80 80 20 c0 a2 68 e8 a0 02 00 20 90 00 0d 80 04 00 11 91 40 2a 80 7a 00 14 04 85 14 70 04 00 12 0c 04 2c 00 88 13 00 30 80 04 4b 11 03 a8 0c 00 30 44 e9 20 00 cd 02 80 12 00 52 72 44 44 07 00 80 01 50 
[DPF KEY GEN] Index 0 (1885): byte:235 bit:5 value:1
[DPF KEY GEN] Index 1 (524): byte:65 bit:4 value:1
[DPF KEY GEN] Index 2 (1448): byte:181 bit:0 value:1
[DPF KEY GEN] Index 3 (158): byte:19 bit:6 value:1
[DPF KEY GEN] Index 4 (522): byte:65 bit:2 value:1
[DPF KEY GEN] Index 5 (1512): byte:189 bit:0 value:1
[DPF KEY GEN] Index 6 (594): byte:74 bit:2 value:1
[DECRYPTED BF DEBUG] Original bf size: 2048, Padded size: 256
[DECRYPTED BF CONTENT] b8 94 0a 88 10 80 12 11 01 28 00 28 59 8c 00 4e 30 02 24 03 20 58 0a 01 5a 40 04 10 10 00 02 20 04 c0 c0 20 00 05 08 24 51 88 01 00 10 04 01 30 01 88 14 60 29 8c 0a 80 0c e0 16 60 14 28 30 0c 00 28 26 04 01 0d 30 06 21 03 34 42 15 00 10 24 26 0a 09 13 b9 0a 80 01 c8 04 b8 00 4d 00 08 90 0b 83 00 42 10 12 09 10 15 4b 00 94 80 21 40 4a 4a 0a 00 8b 40 0a 00 82 40 10 40 4a 40 41 18 01 82 13 07 14 0f b4 c0 09 88 84 12 00 82 02 24 80 74 00 76 30 08 00 02 80 12 91 09 00 31 06 00 92 11 04 71 70 00 e9 c0 88 80 40 41 08 19 0a 84 a0 01 28 00 5c 08 c0 f0 00 20 00 08 0c 28 80 80 20 c0 a2 68 e8 a0 02 00 20 90 00 0d 80 04 00 11 91 40 2a 80 7a 00 14 04 85 14 70 04 00 12 0c 04 2c 00 88 13 00 30 80 04 4b 11 03 a8 0c 00 30 44 e9 20 00 cd 02 80 12 00 52 72 44 44 07 00 80 01 50 
[DECRYPTED BF DEBUG] Original bf size: 2048, Padded size: 256
[DEBUG] Index 0 (1885): bit1=0, bit2=0 => combined=1 (actual=1)
[DEBUG] Index 1 (524): bit1=1, bit2=1 => combined=1 (actual=1)
[DEBUG] Index 2 (1448): bit1=1, bit2=0 => combined=1 (actual=1)
[DEBUG] Index 3 (158): bit1=0, bit2=1 => combined=1 (actual=1)
[DEBUG] Index 4 (522): bit1=0, bit2=0 => combined=1 (actual=1)
[DEBUG] Index 5 (1512): bit1=1, bit2=1 => combined=1 (actual=1)
[DEBUG] Index 6 (594): bit1=0, bit2=1 => combined=1 (actual=1)
DPF Query result for 'apple': Found

Testing keyword: 'zucchini'
[INDEX] Generated index 0: 1179 (byte:147 bit:3)
Byte 147 (0x10) bit pattern: 00010000
[INDEX] Generated index 1: 126 (byte:15 bit:6)
Byte 15 (0x02) bit pattern: 00000010
[INDEX] Generated index 2: 1306 (byte:163 bit:2)
Byte 163 (0x20) bit pattern: 00100000
[INDEX] Generated index 3: 1138 (byte:142 bit:2)
Byte 142 (0x20) bit pattern: 00100000
[INDEX] Generated index 4: 424 (byte:53 bit:0)
Byte 53 (0x80) bit pattern: 10000000
[INDEX] Generated index 5: 303 (byte:37 bit:7)
Byte 37 (0x01) bit pattern: 00000001
[INDEX] Generated index 6: 250 (byte:31 bit:2)
Byte 31 (0x20) bit pattern: 00100000
[DECRYPTED BF DEBUG] Original bf size: 2048, Padded size: 256
[DECRYPTED BF CONTENT] b8 94 0a 88 10 80 12 11 01 28 00 28 59 8c 00 4e 30 02 24 03 20 58 0a 01 5a 40 04 10 10 00 02 20 04 c0 c0 20 00 05 08 24 51 88 01 00 10 04 01 30 01 88 14 60 29 8c 0a 80 0c e0 16 60 14 28 30 0c 00 28 26 04 01 0d 30 06 21 03 34 42 15 00 10 24 26 0a 09 13 b9 0a 80 01 c8 04 b8 00 4d 00 08 90 0b 83 00 42 10 12 09 10 15 4b 00 94 80 21 40 4a 4a 0a 00 8b 40 0a 00 82 40 10 40 4a 40 41 18 01 82 13 07 14 0f b4 c0 09 88 84 12 00 82 02 24 80 74 00 76 30 08 00 02 80 12 91 09 00 31 06 00 92 11 04 71 70 00 e9 c0 88 80 40 41 08 19 0a 84 a0 01 28 00 5c 08 c0 f0 00 20 00 08 0c 28 80 80 20 c0 a2 68 e8 a0 02 00 20 90 00 0d 80 04 00 11 91 40 2a 80 7a 00 14 04 85 14 70 04 00 12 0c 04 2c 00 88 13 00 30 80 04 4b 11 03 a8 0c 00 30 44 e9 20 00 cd 02 80 12 00 52 72 44 44 07 00 80 01 50 
[DECRYPTED BF] b8 94 0a 88 10 80 12 11 01 28 00 28 59 8c 00 4e 30 02 24 03 20 58 0a 01 5a 40 04 10 10 00 02 20 04 c0 c0 20 00 05 08 24 51 88 01 00 10 04 01 30 01 88 14 60 29 8c 0a 80 0c e0 16 60 14 28 30 0c 00 28 26 04 01 0d 30 06 21 03 34 42 15 00 10 24 26 0a 09 13 b9 0a 80 01 c8 04 b8 00 4d 00 08 90 0b 83 00 42 10 12 09 10 15 4b 00 94 80 21 40 4a 4a 0a 00 8b 40 0a 00 82 40 10 40 4a 40 41 18 01 82 13 07 14 0f b4 c0 09 88 84 12 00 82 02 24 80 74 00 76 30 08 00 02 80 12 91 09 00 31 06 00 92 11 04 71 70 00 e9 c0 88 80 40 41 08 19 0a 84 a0 01 28 00 5c 08 c0 f0 00 20 00 08 0c 28 80 80 20 c0 a2 68 e8 a0 02 00 20 90 00 0d 80 04 00 11 91 40 2a 80 7a 00 14 04 85 14 70 04 00 12 0c 04 2c 00 88 13 00 30 80 04 4b 11 03 a8 0c 00 30 44 e9 20 00 cd 02 80 12 00 52 72 44 44 07 00 80 01 50 
[DPF KEY GEN] Index 0 (1179): byte:147 bit:3 value:1
[DPF KEY GEN] Index 1 (126): byte:15 bit:6 value:1
[DPF KEY GEN] Index 2 (1306): byte:163 bit:2 value:1
[DPF KEY GEN] Index 3 (1138): byte:142 bit:2 value:1
[DPF KEY GEN] Index 4 (424): byte:53 bit:0 value:1
[DPF KEY GEN] Index 5 (303): byte:37 bit:7 value:1
[DPF KEY GEN] Index 6 (250): byte:31 bit:2 value:1
[DECRYPTED BF DEBUG] Original bf size: 2048, Padded size: 256
[DECRYPTED BF CONTENT] b8 94 0a 88 10 80 12 11 01 28 00 28 59 8c 00 4e 30 02 24 03 20 58 0a 01 5a 40 04 10 10 00 02 20 04 c0 c0 20 00 05 08 24 51 88 01 00 10 04 01 30 01 88 14 60 29 8c 0a 80 0c e0 16 60 14 28 30 0c 00 28 26 04 01 0d 30 06 21 03 34 42 15 00 10 24 26 0a 09 13 b9 0a 80 01 c8 04 b8 00 4d 00 08 90 0b 83 00 42 10 12 09 10 15 4b 00 94 80 21 40 4a 4a 0a 00 8b 40 0a 00 82 40 10 40 4a 40 41 18 01 82 13 07 14 0f b4 c0 09 88 84 12 00 82 02 24 80 74 00 76 30 08 00 02 80 12 91 09 00 31 06 00 92 11 04 71 70 00 e9 c0 88 80 40 41 08 19 0a 84 a0 01 28 00 5c 08 c0 f0 00 20 00 08 0c 28 80 80 20 c0 a2 68 e8 a0 02 00 20 90 00 0d 80 04 00 11 91 40 2a 80 7a 00 14 04 85 14 70 04 00 12 0c 04 2c 00 88 13 00 30 80 04 4b 11 03 a8 0c 00 30 44 e9 20 00 cd 02 80 12 00 52 72 44 44 07 00 80 01 50 
[DECRYPTED BF DEBUG] Original bf size: 2048, Padded size: 256
[DEBUG] Index 0 (1179): bit1=0, bit2=1 => combined=1 (actual=1)
[DEBUG] Index 1 (126): bit1=1, bit2=1 => combined=1 (actual=1)
[DEBUG] Index 2 (1306): bit1=1, bit2=0 => combined=1 (actual=1)
[DEBUG] Index 3 (1138): bit1=1, bit2=1 => combined=1 (actual=1)
[DEBUG] Index 4 (424): bit1=1, bit2=0 => combined=1 (actual=1)
[DEBUG] Index 5 (303): bit1=1, bit2=1 => combined=1 (actual=1)
[DEBUG] Index 6 (250): bit1=1, bit2=0 => combined=1 (actual=1)
DPF Query result for 'zucchini': Found

Testing keyword: 'nonexist'
[INDEX] Generated index 0: 1703 (byte:212 bit:7)
Byte 212 (0x11) bit pattern: 00010001
[INDEX] Generated index 1: 998 (byte:124 bit:6)
Byte 124 (0x5f) bit pattern: 01011111
[INDEX] Generated index 2: 1638 (byte:204 bit:6)
Byte 204 (0xff) bit pattern: 11111111
[INDEX] Generated index 3: 1839 (byte:229 bit:7)
Byte 229 (0x73) bit pattern: 01110011
[INDEX] Generated index 4: 877 (byte:109 bit:5)
Byte 109 (0x65) bit pattern: 01100101
[INDEX] Generated index 5: 1836 (byte:229 bit:4)
Byte 229 (0x7b) bit pattern: 01111011
[INDEX] Generated index 6: 1891 (byte:236 bit:3)
Byte 236 (0x55) bit pattern: 01010101
[DECRYPTED BF DEBUG] Original bf size: 2048, Padded size: 256
[DECRYPTED BF CONTENT] b8 94 0a 88 10 80 12 11 01 28 00 28 59 8c 00 4e 30 02 24 03 20 58 0a 01 5a 40 04 10 10 00 02 20 04 c0 c0 20 00 05 08 24 51 88 01 00 10 04 01 30 01 88 14 60 29 8c 0a 80 0c e0 16 60 14 28 30 0c 00 28 26 04 01 0d 30 06 21 03 34 42 15 00 10 24 26 0a 09 13 b9 0a 80 01 c8 04 b8 00 4d 00 08 90 0b 83 00 42 10 12 09 10 15 4b 00 94 80 21 40 4a 4a 0a 00 8b 40 0a 00 82 40 10 40 4a 40 41 18 01 82 13 07 14 0f b4 c0 09 88 84 12 00 82 02 24 80 74 00 76 30 08 00 02 80 12 91 09 00 31 06 00 92 11 04 71 70 00 e9 c0 88 80 40 41 08 19 0a 84 a0 01 28 00 5c 08 c0 f0 00 20 00 08 0c 28 80 80 20 c0 a2 68 e8 a0 02 00 20 90 00 0d 80 04 00 11 91 40 2a 80 7a 00 14 04 85 14 70 04 00 12 0c 04 2c 00 88 13 00 30 80 04 4b 11 03 a8 0c 00 30 44 e9 20 00 cd 02 80 12 00 52 72 44 44 07 00 80 01 50 
[DECRYPTED BF] b8 94 0a 88 10 80 12 11 01 28 00 28 59 8c 00 4e 30 02 24 03 20 58 0a 01 5a 40 04 10 10 00 02 20 04 c0 c0 20 00 05 08 24 51 88 01 00 10 04 01 30 01 88 14 60 29 8c 0a 80 0c e0 16 60 14 28 30 0c 00 28 26 04 01 0d 30 06 21 03 34 42 15 00 10 24 26 0a 09 13 b9 0a 80 01 c8 04 b8 00 4d 00 08 90 0b 83 00 42 10 12 09 10 15 4b 00 94 80 21 40 4a 4a 0a 00 8b 40 0a 00 82 40 10 40 4a 40 41 18 01 82 13 07 14 0f b4 c0 09 88 84 12 00 82 02 24 80 74 00 76 30 08 00 02 80 12 91 09 00 31 06 00 92 11 04 71 70 00 e9 c0 88 80 40 41 08 19 0a 84 a0 01 28 00 5c 08 c0 f0 00 20 00 08 0c 28 80 80 20 c0 a2 68 e8 a0 02 00 20 90 00 0d 80 04 00 11 91 40 2a 80 7a 00 14 04 85 14 70 04 00 12 0c 04 2c 00 88 13 00 30 80 04 4b 11 03 a8 0c 00 30 44 e9 20 00 cd 02 80 12 00 52 72 44 44 07 00 80 01 50 
[DPF KEY GEN] Index 0 (1703): byte:212 bit:7 value:0
[DPF KEY GEN] Index 1 (998): byte:124 bit:6 value:0
[DPF KEY GEN] Index 2 (1638): byte:204 bit:6 value:0
[DPF KEY GEN] Index 3 (1839): byte:229 bit:7 value:0
[DPF KEY GEN] Index 4 (877): byte:109 bit:5 value:0
[DPF KEY GEN] Index 5 (1836): byte:229 bit:4 value:0
[DPF KEY GEN] Index 6 (1891): byte:236 bit:3 value:0
[DECRYPTED BF DEBUG] Original bf size: 2048, Padded size: 256
[DECRYPTED BF CONTENT] b8 94 0a 88 10 80 12 11 01 28 00 28 59 8c 00 4e 30 02 24 03 20 58 0a 01 5a 40 04 10 10 00 02 20 04 c0 c0 20 00 05 08 24 51 88 01 00 10 04 01 30 01 88 14 60 29 8c 0a 80 0c e0 16 60 14 28 30 0c 00 28 26 04 01 0d 30 06 21 03 34 42 15 00 10 24 26 0a 09 13 b9 0a 80 01 c8 04 b8 00 4d 00 08 90 0b 83 00 42 10 12 09 10 15 4b 00 94 80 21 40 4a 4a 0a 00 8b 40 0a 00 82 40 10 40 4a 40 41 18 01 82 13 07 14 0f b4 c0 09 88 84 12 00 82 02 24 80 74 00 76 30 08 00 02 80 12 91 09 00 31 06 00 92 11 04 71 70 00 e9 c0 88 80 40 41 08 19 0a 84 a0 01 28 00 5c 08 c0 f0 00 20 00 08 0c 28 80 80 20 c0 a2 68 e8 a0 02 00 20 90 00 0d 80 04 00 11 91 40 2a 80 7a 00 14 04 85 14 70 04 00 12 0c 04 2c 00 88 13 00 30 80 04 4b 11 03 a8 0c 00 30 44 e9 20 00 cd 02 80 12 00 52 72 44 44 07 00 80 01 50 
[DECRYPTED BF DEBUG] Original bf size: 2048, Padded size: 256
[DEBUG] Index 0 (1703): bit1=1, bit2=1 => combined=0 (actual=0)
DPF Query result for 'nonexist': Not Found
